<?xml version="1.0" encoding="UTF-8"?>
<!-- Generated by org.testng.reporters.JUnitXMLReporter -->
<testsuite hostname="DESKTOP-66JO57M" ignored="0" name="Default test" tests="3" failures="0" timestamp="2023-03-21T10:21:29 IST" time="0.113" errors="0">
  <testcase name="course" time="0.014" classname="com.Demo_Project_TestNG.TestNG"/>
  <testcase name="passedOutYear" time="0.005" classname="com.Demo_Project_TestNG.TestNG"/>
  <testcase name="collegeName" time="0.002" classname="com.Demo_Project_TestNG.TestNG"/>
</testsuite> <!-- Default test -->
