<?xml version="1.0" encoding="UTF-8"?>
<testng-results skipped="0" failed="0" ignored="0" total="3" passed="3">
  <reporter-output>
  </reporter-output>
  <suite name="Default suite" duration-ms="113" started-at="2023-03-21T10:21:29 IST" finished-at="2023-03-21T10:21:29 IST">
    <groups>
    </groups>
    <test name="Default test" duration-ms="113" started-at="2023-03-21T10:21:29 IST" finished-at="2023-03-21T10:21:29 IST">
      <class name="com.Demo_Project_TestNG.TestNG">
        <test-method status="PASS" signature="course()[pri:-1, instance:com.Demo_Project_TestNG.TestNG@5ed828d]" name="course" duration-ms="14" started-at="2023-03-21T10:21:29 IST" finished-at="2023-03-21T10:21:29 IST">
          <reporter-output>
          </reporter-output>
        </test-method> <!-- course -->
        <test-method status="PASS" signature="passedOutYear()[pri:0, instance:com.Demo_Project_TestNG.TestNG@5ed828d]" name="passedOutYear" duration-ms="5" started-at="2023-03-21T10:21:29 IST" finished-at="2023-03-21T10:21:29 IST">
          <reporter-output>
          </reporter-output>
        </test-method> <!-- passedOutYear -->
        <test-method status="PASS" signature="collegeName()[pri:1, instance:com.Demo_Project_TestNG.TestNG@5ed828d]" name="collegeName" duration-ms="2" started-at="2023-03-21T10:21:29 IST" finished-at="2023-03-21T10:21:29 IST">
          <reporter-output>
          </reporter-output>
        </test-method> <!-- collegeName -->
      </class> <!-- com.Demo_Project_TestNG.TestNG -->
    </test> <!-- Default test -->
  </suite> <!-- Default suite -->
</testng-results>
